<?xml version="1.0" encoding="UTF-8"?>
<!-- Generated by org.testng.reporters.JUnitXMLReporter -->
<testsuite ignored="0" hostname="NewBorisLaptop" failures="0" tests="7" name="TextBox Test" time="37.747" errors="0" timestamp="2025-06-21T08:24:21 PDT">
  <testcase classname="demoqa.tests.TextBoxTest" name="testFillTextBoxForm" time="7.232"/>
  <testcase classname="demoqa.tests.CheckBoxTest" name="testCheckNotesBox" time="2.743"/>
  <testcase classname="demoqa.tests.CheckBoxTest" name="testExpandAllAndVerifyVisibleOptions" time="0.758"/>
  <testcase classname="demoqa.tests.CheckBoxTest" name="testSelectDesktopCheckbox" time="0.508"/>
  <testcase classname="demoqa.tests.CheckBoxTest" name="testSelectDocumentsCheckbox" time="0.682"/>
  <testcase classname="demoqa.tests.CheckBoxTest" name="testSelectHomeCheckbox" time="0.226"/>
  <testcase classname="demoqa.tests.CheckBoxTest" name="testSelectMultipleCheckboxes" time="1.61"/>
</testsuite> <!-- TextBox Test -->
